Determining if the pthread_create exist failed with the following output:
Change Dir: /data/code/conet/thirdparty/gtest-1.7.0/CMakeFiles/CMakeTmp

Run Build Command:/usr/bin/gmake "cmTryCompileExec2486188807/fast"
/usr/bin/gmake -f CMakeFiles/cmTryCompileExec2486188807.dir/build.make CMakeFiles/cmTryCompileExec2486188807.dir/build
gmake[1]: 进入目录“/data/code/conet/thirdparty/gtest-1.7.0/CMakeFiles/CMakeTmp”
/usr/bin/cmake -E cmake_progress_report /data/code/conet/thirdparty/gtest-1.7.0/CMakeFiles/CMakeTmp/CMakeFiles 1
Building C object CMakeFiles/cmTryCompileExec2486188807.dir/CheckSymbolExists.c.o
/usr/bin/cc    -o CMakeFiles/cmTryCompileExec2486188807.dir/CheckSymbolExists.c.o   -c /data/code/conet/thirdparty/gtest-1.7.0/CMakeFiles/CMakeTmp/CheckSymbolExists.c
Linking C executable cmTryCompileExec2486188807
/usr/bin/cmake -E cmake_link_script CMakeFiles/cmTryCompileExec2486188807.dir/link.txt --verbose=1
/usr/bin/cc         CMakeFiles/cmTryCompileExec2486188807.dir/CheckSymbolExists.c.o  -o cmTryCompileExec2486188807 -rdynamic 
CMakeFiles/cmTryCompileExec2486188807.dir/CheckSymbolExists.c.o：在函数‘main’中：
CheckSymbolExists.c:(.text+0x16)：对‘pthread_create’未定义的引用
collect2: 错误：ld 返回 1
gmake[1]: 离开目录“/data/code/conet/thirdparty/gtest-1.7.0/CMakeFiles/CMakeTmp”
gmake[1]: *** [cmTryCompileExec2486188807] 错误 1
gmake: *** [cmTryCompileExec2486188807/fast] 错误 2

File /data/code/conet/thirdparty/gtest-1.7.0/CMakeFiles/CMakeTmp/CheckSymbolExists.c:
/* */
#include <pthread.h>

int main(int argc, char** argv)
{
  (void)argv;
#ifndef pthread_create
  return ((int*)(&pthread_create))[argc];
#else
  (void)argc;
  return 0;
#endif
}

Determining if the function pthread_create exists in the pthreads failed with the following output:
Change Dir: /data/code/conet/thirdparty/gtest-1.7.0/CMakeFiles/CMakeTmp

Run Build Command:/usr/bin/gmake "cmTryCompileExec465942326/fast"
/usr/bin/gmake -f CMakeFiles/cmTryCompileExec465942326.dir/build.make CMakeFiles/cmTryCompileExec465942326.dir/build
gmake[1]: 进入目录“/data/code/conet/thirdparty/gtest-1.7.0/CMakeFiles/CMakeTmp”
/usr/bin/cmake -E cmake_progress_report /data/code/conet/thirdparty/gtest-1.7.0/CMakeFiles/CMakeTmp/CMakeFiles 1
Building C object CMakeFiles/cmTryCompileExec465942326.dir/CheckFunctionExists.c.o
/usr/bin/cc   -DCHECK_FUNCTION_EXISTS=pthread_create   -o CMakeFiles/cmTryCompileExec465942326.dir/CheckFunctionExists.c.o   -c /usr/share/cmake/Modules/CheckFunctionExists.c
Linking C executable cmTryCompileExec465942326
/usr/bin/cmake -E cmake_link_script CMakeFiles/cmTryCompileExec465942326.dir/link.txt --verbose=1
/usr/bin/cc     -DCHECK_FUNCTION_EXISTS=pthread_create    CMakeFiles/cmTryCompileExec465942326.dir/CheckFunctionExists.c.o  -o cmTryCompileExec465942326 -rdynamic -lpthreads 
/usr/bin/ld: cannot find -lpthreads
collect2: 错误：ld 返回 1
gmake[1]: *** [cmTryCompileExec465942326] 错误 1
gmake[1]: 离开目录“/data/code/conet/thirdparty/gtest-1.7.0/CMakeFiles/CMakeTmp”
gmake: *** [cmTryCompileExec465942326/fast] 错误 2


